<?xml version="1.0" encoding="UTF-8" ?>
<testsuite failures="0" time="27.324" errors="0" skipped="0" tests="10" name="TestSuite">
  <properties>
[...]
</properties>
  <testcase time="0.09" classname="com.github.srec.command.parser.xml.XmlParserTest" name="testForm"/>
  <testcase time="0.006" classname="com.github.srec.command.parser.xml.XmlParserTest" name="testMethod"/>
  <testcase time="6.722" classname="com.github.srec.play.PlayerTest" name="test"/>
  <testcase time="0.634" classname="com.github.srec.play.PlayerTest" name="testCall"/>
  <testcase time="15.671" classname="com.github.srec.play.PlayerTest" name="testError"/>
  <testcase time="1.36" classname="com.github.srec.play.PlayerTest" name="testIf"/>
  <testcase time="0.928" classname="com.github.srec.play.PlayerTest" name="testMethod"/>
  <testcase time="0.645" classname="com.github.srec.play.PlayerTest" name="testMethodDeep"/>
  <testcase time="0.85" classname="com.github.srec.play.PlayerTest" name="testWhile"/>
  <testcase time="0.241" classname="com.github.srec.rec.SimpleXmlRecorderTest" name="test"/>
</testsuite>