<?xml version="1.0" encoding="UTF-8" ?>
<testsuite failures="6" time="91.071" errors="0" skipped="0" tests="10" name="TestSuite">
  <properties>
[...]
</properties>
  <testcase time="0.157" classname="com.github.srec.command.parser.xml.XmlParserTest" name="testForm"/>
  <testcase time="0.01" classname="com.github.srec.command.parser.xml.XmlParserTest" name="testMethod"/>
  <testcase time="15.911" classname="com.github.srec.play.PlayerTest" name="test">
    <failure message="expected:&lt;0&gt; but was:&lt;1&gt;" type="java.lang.AssertionError">java.lang.AssertionError: expected:&lt;0&gt; but was:&lt;1&gt;
	at org.testng.Assert.fail(Assert.java:87)
	at org.testng.Assert.failNotEquals(Assert.java:441)
	at org.testng.Assert.assertEquals(Assert.java:111)
	at org.testng.Assert.assertEquals(Assert.java:326)
	at org.testng.Assert.assertEquals(Assert.java:336)
	at com.github.srec.testng.AbstractSRecTestNGTest.runTest(AbstractSRecTestNGTest.java:60)
	at com.github.srec.testng.AbstractSRecTestNGTest.runTest(AbstractSRecTestNGTest.java:95)
	at com.github.srec.play.PlayerTest.test(PlayerTest.java:19)
</failure>
    <system-out>Using org.netbeans.jemmy.drivers.DefaultDriverInstaller driver installer
</system-out>
    <system-err>Error on line 27:
&lt;[&apos;http://github.com/srec&apos;]::type_special locator=&apos;initialValueTF&apos; text=&apos;Tab&apos;&gt;
Script error on test suite &apos;test_form&apos;, test case &apos;1&apos;, at file &apos;/home/aristides/work-gsx/srec/core/src/test/resources/test_form.xml&apos;, line 27, column 60, text &apos;&lt;[&apos;http://github.com/srec&apos;]::type_special locator=&apos;initialValueTF&apos; text=&apos;Tab&apos;&gt;&apos;, message:
com.github.srec.jemmy.JemmyDSLException: Cannot find a currently active window
</system-err>
  </testcase>
  <testcase time="8.615" classname="com.github.srec.play.PlayerTest" name="testCall"/>
  <testcase time="48.672" classname="com.github.srec.play.PlayerTest" name="testError">
    <failure message="expected:&lt;19&gt; but was:&lt;18&gt;" type="java.lang.AssertionError">java.lang.AssertionError: expected:&lt;19&gt; but was:&lt;18&gt;
	at org.testng.Assert.fail(Assert.java:87)
	at org.testng.Assert.failNotEquals(Assert.java:441)
	at org.testng.Assert.assertEquals(Assert.java:111)
	at org.testng.Assert.assertEquals(Assert.java:326)
	at org.testng.Assert.assertEquals(Assert.java:336)
	at com.github.srec.play.PlayerTest.testError(PlayerTest.java:26)
</failure>
    <system-err>Error on line 18:
&lt;[&apos;http://github.com/srec&apos;]::select locator=&apos;calculationCB&apos; item=&apos;Future Value&apos;&gt;
Error on line 27:
&lt;[&apos;http://github.com/srec&apos;]::assert locator=&apos;initialValueTF&apos; text=&apos;10&apos;&gt;
Script error on test suite &apos;test_form_error&apos;, test case &apos;1&apos;, at file &apos;/home/aristides/work-gsx/srec/core/src/test/resources/test_form_error.xml&apos;, line 18, column 62, text &apos;&lt;[&apos;http://github.com/srec&apos;]::select locator=&apos;calculationCB&apos; item=&apos;Future Value&apos;&gt;&apos;, message:
org.netbeans.jemmy.TimeoutExpiredException: Wait popup expanded (JComboBoxOperator.WaitListTimeout)
Script error on test suite &apos;test_form_error&apos;, test case &apos;2&apos;, at file &apos;/home/aristides/work-gsx/srec/core/src/test/resources/test_form_error.xml&apos;, line 27, column 53, text &apos;&lt;[&apos;http://github.com/srec&apos;]::assert locator=&apos;initialValueTF&apos; text=&apos;10&apos;&gt;&apos;, message:
org.netbeans.jemmy.TimeoutExpiredException: Wait &quot;JTextComponent with text &quot;10&quot;&quot; state to be reached (ComponentOperator.WaitStateTimeout)
Script error on test suite &apos;test_form_error&apos;, test case &apos;1&apos;, at file &apos;/home/aristides/work-gsx/srec/core/src/test/resources/test_form_error.xml&apos;, line 18, column 62, text &apos;&lt;[&apos;http://github.com/srec&apos;]::select locator=&apos;calculationCB&apos; item=&apos;Future Value&apos;&gt;&apos;, message:
org.netbeans.jemmy.TimeoutExpiredException: Wait popup expanded (JComboBoxOperator.WaitListTimeout)
Script error on test suite &apos;test_form_error&apos;, test case &apos;2&apos;, at file &apos;/home/aristides/work-gsx/srec/core/src/test/resources/test_form_error.xml&apos;, line 27, column 53, text &apos;&lt;[&apos;http://github.com/srec&apos;]::assert locator=&apos;initialValueTF&apos; text=&apos;10&apos;&gt;&apos;, message:
org.netbeans.jemmy.TimeoutExpiredException: Wait &quot;JTextComponent with text &quot;10&quot;&quot; state to be reached (ComponentOperator.WaitStateTimeout)
</system-err>
  </testcase>
  <testcase time="4.22" classname="com.github.srec.play.PlayerTest" name="testIf">
    <failure message="org.netbeans.jemmy.JemmyException: Exception in Mouse click to get focus" type="com.github.srec.UnsupportedFeatureException">com.github.srec.UnsupportedFeatureException: org.netbeans.jemmy.JemmyException: Exception in Mouse click to get focus
	at com.github.srec.command.jemmy.JemmyEventCommand.internalCallMethod(JemmyEventCommand.java:32)
	at com.github.srec.command.method.MethodCommand.callMethod(MethodCommand.java:80)
	at com.github.srec.command.method.MethodCallCommand.getValue(MethodCallCommand.java:35)
	at com.github.srec.command.method.MethodCallCommand.run(MethodCallCommand.java:27)
	at com.github.srec.command.base.IfCommand.run(IfCommand.java:52)
	at com.github.srec.play.Player.play(Player.java:156)
	at com.github.srec.command.method.MethodScriptCommand.internalCallMethod(MethodScriptCommand.java:52)
	at com.github.srec.command.method.MethodCommand.callMethod(MethodCommand.java:80)
	at com.github.srec.command.method.MethodCallCommand.getValue(MethodCallCommand.java:35)
	at com.github.srec.command.method.MethodCallCommand.run(MethodCallCommand.java:27)
	at com.github.srec.command.base.IfCommand.run(IfCommand.java:52)
	at com.github.srec.play.Player.play(Player.java:156)
	at com.github.srec.play.Player.play(Player.java:145)
	at com.github.srec.play.Player.play(Player.java:119)
	at com.github.srec.play.Player.play(Player.java:85)
	at com.github.srec.testng.AbstractSRecTestNGTest.runTest(AbstractSRecTestNGTest.java:55)
	at com.github.srec.testng.AbstractSRecTestNGTest.runTest(AbstractSRecTestNGTest.java:95)
	at com.github.srec.play.PlayerTest.testIf(PlayerTest.java:39)
Caused by: org.netbeans.jemmy.JemmyException: Exception in Mouse click to get focus
	at org.netbeans.jemmy.QueueTool.invokeAndWait(QueueTool.java:428)
	at org.netbeans.jemmy.QueueTool.invokeSmoothly(QueueTool.java:358)
	at org.netbeans.jemmy.drivers.focus.MouseFocusDriver.giveFocus(MouseFocusDriver.java:74)
	at org.netbeans.jemmy.drivers.text.TextKeyboardDriver.changeCaretPosition(TextKeyboardDriver.java:75)
	at org.netbeans.jemmy.drivers.text.TextKeyboardDriver.typeText(TextKeyboardDriver.java:101)
	at org.netbeans.jemmy.operators.JTextComponentOperator$4.launch(JTextComponentOperator.java:532)
	at org.netbeans.jemmy.ActionProducer.launchAction(ActionProducer.java:336)
	at org.netbeans.jemmy.ActionProducer.run(ActionProducer.java:295)
</failure>
  </testcase>
  <testcase time="2.122" classname="com.github.srec.play.PlayerTest" name="testMethod">
    <failure message="expected:&lt;0&gt; but was:&lt;1&gt;" type="java.lang.AssertionError">java.lang.AssertionError: expected:&lt;0&gt; but was:&lt;1&gt;
	at org.testng.Assert.fail(Assert.java:87)
	at org.testng.Assert.failNotEquals(Assert.java:441)
	at org.testng.Assert.assertEquals(Assert.java:111)
	at org.testng.Assert.assertEquals(Assert.java:326)
	at org.testng.Assert.assertEquals(Assert.java:336)
	at com.github.srec.testng.AbstractSRecTestNGTest.runTest(AbstractSRecTestNGTest.java:60)
	at com.github.srec.testng.AbstractSRecTestNGTest.runTest(AbstractSRecTestNGTest.java:95)
	at com.github.srec.play.PlayerTest.testMethod(PlayerTest.java:31)
</failure>
    <system-err>Error on line 26:
&lt;[&apos;http://github.com/srec&apos;]::select locator=&apos;calculationCB&apos; item=&apos;Future Value&apos;&gt;
Script error on test suite &apos;test_form&apos;, test case &apos;1&apos;, at file &apos;/home/aristides/work-gsx/srec/core/src/test/resources/test_form_method_call.xml&apos;, line 26, column 62, text &apos;&lt;[&apos;http://github.com/srec&apos;]::select locator=&apos;calculationCB&apos; item=&apos;Future Value&apos;&gt;&apos;, message:
com.github.srec.jemmy.JemmyDSLException: Cannot find a currently active window
</system-err>
  </testcase>
  <testcase time="2.252" classname="com.github.srec.play.PlayerTest" name="testMethodDeep">
    <failure message="expected:&lt;0&gt; but was:&lt;1&gt;" type="java.lang.AssertionError">java.lang.AssertionError: expected:&lt;0&gt; but was:&lt;1&gt;
	at org.testng.Assert.fail(Assert.java:87)
	at org.testng.Assert.failNotEquals(Assert.java:441)
	at org.testng.Assert.assertEquals(Assert.java:111)
	at org.testng.Assert.assertEquals(Assert.java:326)
	at org.testng.Assert.assertEquals(Assert.java:336)
	at com.github.srec.testng.AbstractSRecTestNGTest.runTest(AbstractSRecTestNGTest.java:60)
	at com.github.srec.testng.AbstractSRecTestNGTest.runTest(AbstractSRecTestNGTest.java:95)
	at com.github.srec.play.PlayerTest.testMethodDeep(PlayerTest.java:35)
</failure>
    <system-err>Error on line 19:
&lt;[&apos;http://github.com/srec&apos;]::select locator=&apos;calculationCB&apos; item=&apos;Future Value&apos;&gt;
Script error on test suite &apos;test_form_method_deep&apos;, test case &apos;1&apos;, at file &apos;/home/aristides/work-gsx/srec/core/src/test/resources/test_form_method_deep.xml&apos;, line 19, column 62, text &apos;&lt;[&apos;http://github.com/srec&apos;]::select locator=&apos;calculationCB&apos; item=&apos;Future Value&apos;&gt;&apos;, message:
com.github.srec.jemmy.JemmyDSLException: Cannot find a currently active window
</system-err>
  </testcase>
  <testcase time="8.211" classname="com.github.srec.play.PlayerTest" name="testWhile">
    <failure message="expected:&lt;0&gt; but was:&lt;2&gt;" type="java.lang.AssertionError">java.lang.AssertionError: expected:&lt;0&gt; but was:&lt;2&gt;
	at org.testng.Assert.fail(Assert.java:87)
	at org.testng.Assert.failNotEquals(Assert.java:441)
	at org.testng.Assert.assertEquals(Assert.java:111)
	at org.testng.Assert.assertEquals(Assert.java:326)
	at org.testng.Assert.assertEquals(Assert.java:336)
	at com.github.srec.testng.AbstractSRecTestNGTest.runTest(AbstractSRecTestNGTest.java:60)
	at com.github.srec.testng.AbstractSRecTestNGTest.runTest(AbstractSRecTestNGTest.java:95)
	at com.github.srec.play.PlayerTest.testWhile(PlayerTest.java:43)
</failure>
    <system-err>Error on line 20:
&lt;[&apos;http://github.com/srec&apos;]::while expression=&apos;k &lt; times&apos;&gt;
Error on line 37:
&lt;[&apos;http://github.com/srec&apos;]::assert locator=&apos;initialValueTF&apos; text=&apos;99999&apos;&gt;
Script error on test suite &apos;while_suite&apos;, test case &apos;while_test_case&apos;, at file &apos;/home/aristides/work-gsx/srec/core/src/test/resources/while.xml&apos;, line 20, column 42, text &apos;&lt;[&apos;http://github.com/srec&apos;]::while expression=&apos;k &lt; times&apos;&gt;&apos;, message:
com.github.srec.jemmy.JemmyDSLException: Cannot find a currently active window
Script error on test suite &apos;while_suite&apos;, test case &apos;while_test_case&apos;, at file &apos;/home/aristides/work-gsx/srec/core/src/test/resources/while.xml&apos;, line 37, column 56, text &apos;&lt;[&apos;http://github.com/srec&apos;]::assert locator=&apos;initialValueTF&apos; text=&apos;99999&apos;&gt;&apos;, message:
com.github.srec.jemmy.JemmyDSLException: Cannot find a currently active window
</system-err>
  </testcase>
  <testcase time="0.536" classname="com.github.srec.rec.SimpleXmlRecorderTest" name="test"/>
</testsuite>